# JRE version: OpenJDK Runtime Environment (17.0.6) (build 17.0.6+0-b2043.56-9586694)
# Java VM: OpenJDK 64-Bit Server VM (17.0.6+0-b2043.56-9586694, mixed mode, tiered, compressed oops, compressed class ptrs, g1 gc, windows-amd64)
GC Precious Log:
 CPUs: 4 total, 4 available
 Memory: 8065M
 Large Page Support: Disabled
 NUMA Support: Disabled
 Compressed Oops: Enabled (32-bit)
 Heap Region Size: 1M
 Heap Min Capacity: 8M
 Heap Initial Capacity: 128M
 Heap Max Capacity: 2G
 Pre-touch: Disabled
 Parallel Workers: 4
 Concurrent Workers: 1
 Concurrent Refinement Workers: 4
 Periodic GC: Disabled
Heap:
 garbage-first heap   total 465920K, used 184128K [0x0000000080000000, 0x0000000100000000)
  region size 1024K, 7 young (7168K), 7 survivors (7168K)
 Metaspace       used 109113K, committed 109760K, reserved 1146880K
  class space    used 14778K, committed 15104K, reserved 1048576K
GC Heap History (20 events):
Event: 22.606 GC heap after
{Heap after GC invocations=45 (full 0):
 garbage-first heap   total 465920K, used 126711K [0x0000000080000000, 0x0000000100000000)
  region size 1024K, 6 young (6144K), 6 survivors (6144K)
 Metaspace       used 98989K, committed 99648K, reserved 1138688K
  class space    used 13434K, committed 13760K, reserved 1048576K
}
Event: 26.129 GC heap before
{Heap before GC invocations=46 (full 0):
 garbage-first heap   total 465920K, used 336631K [0x0000000080000000, 0x0000000100000000)
  region size 1024K, 211 young (216064K), 6 survivors (6144K)
 Metaspace       used 103198K, committed 103936K, reserved 1146880K
  class space    used 14056K, committed 14400K, reserved 1048576K
}
Event: 26.381 GC heap after
{Heap after GC invocations=47 (full 0):
 garbage-first heap   total 465920K, used 160541K [0x0000000080000000, 0x0000000100000000)
  region size 1024K, 27 young (27648K), 27 survivors (27648K)
 Metaspace       used 103198K, committed 103936K, reserved 1146880K
  class space    used 14056K, committed 14400K, reserved 1048576K
}
Event: 26.513 GC heap before
{Heap before GC invocations=47 (full 0):
 garbage-first heap   total 465920K, used 161565K [0x0000000080000000, 0x0000000100000000)
  region size 1024K, 28 young (28672K), 27 survivors (27648K)
 Metaspace       used 103198K, committed 103936K, reserved 1146880K
  class space    used 14056K, committed 14400K, reserved 1048576K
}
Event: 26.672 GC heap after
{Heap after GC invocations=48 (full 0):
 garbage-first heap   total 465920K, used 162816K [0x0000000080000000, 0x0000000100000000)
  region size 1024K, 2 young (2048K), 2 survivors (2048K)
 Metaspace       used 103198K, committed 103936K, reserved 1146880K
  class space    used 14056K, committed 14400K, reserved 1048576K
}
Event: 29.208 GC heap before
{Heap before GC invocations=48 (full 0):
 garbage-first heap   total 465920K, used 324608K [0x0000000080000000, 0x0000000100000000)
  region size 1024K, 160 young (163840K), 2 survivors (2048K)
 Metaspace       used 107293K, committed 107968K, reserved 1146880K
  class space    used 14642K, committed 14976K, reserved 1048576K
}
Event: 29.243 GC heap after
{Heap after GC invocations=49 (full 0):
 garbage-first heap   total 465920K, used 177436K [0x0000000080000000, 0x0000000100000000)
  region size 1024K, 17 young (17408K), 17 survivors (17408K)
 Metaspace       used 107293K, committed 107968K, reserved 1146880K
  class space    used 14642K, committed 14976K, reserved 1048576K
}
Event: 30.224 GC heap before
{Heap before GC invocations=49 (full 0):
 garbage-first heap   total 465920K, used 338204K [0x0000000080000000, 0x0000000100000000)
  region size 1024K, 174 young (178176K), 17 survivors (17408K)
 Metaspace       used 108280K, committed 108992K, reserved 1146880K
  class space    used 14736K, committed 15040K, reserved 1048576K
}
Event: 30.282 GC heap after
{Heap after GC invocations=50 (full 0):
 garbage-first heap   total 465920K, used 179493K [0x0000000080000000, 0x0000000100000000)
  region size 1024K, 2 young (2048K), 2 survivors (2048K)
 Metaspace       used 108280K, committed 108992K, reserved 1146880K
  class space    used 14736K, committed 15040K, reserved 1048576K
}
Event: 31.345 GC heap before
{Heap before GC invocations=50 (full 0):
 garbage-first heap   total 465920K, used 357669K [0x0000000080000000, 0x0000000100000000)
  region size 1024K, 176 young (180224K), 2 survivors (2048K)
 Metaspace       used 108743K, committed 109440K, reserved 1146880K
  class space    used 14743K, committed 15104K, reserved 1048576K
}
Event: 31.354 GC heap after
{Heap after GC invocations=51 (full 0):
 garbage-first heap   total 465920K, used 180513K [0x0000000080000000, 0x0000000100000000)
  region size 1024K, 3 young (3072K), 3 survivors (3072K)
 Metaspace       used 108743K, committed 109440K, reserved 1146880K
  class space    used 14743K, committed 15104K, reserved 1048576K
}
Event: 32.147 GC heap before
{Heap before GC invocations=51 (full 0):
 garbage-first heap   total 465920K, used 369953K [0x0000000080000000, 0x0000000100000000)
  region size 1024K, 188 young (192512K), 3 survivors (3072K)
 Metaspace       used 108926K, committed 109632K, reserved 1146880K
  class space    used 14759K, committed 15104K, reserved 1048576K
}
Event: 32.158 GC heap after
{Heap after GC invocations=52 (full 0):
 garbage-first heap   total 465920K, used 180258K [0x0000000080000000, 0x0000000100000000)
  region size 1024K, 3 young (3072K), 3 survivors (3072K)
 Metaspace       used 108926K, committed 109632K, reserved 1146880K
  class space    used 14759K, committed 15104K, reserved 1048576K
}
Event: 32.597 GC heap before
{Heap before GC invocations=52 (full 0):
 garbage-first heap   total 465920K, used 377890K [0x0000000080000000, 0x0000000100000000)
  region size 1024K, 196 young (200704K), 3 survivors (3072K)
 Metaspace       used 108962K, committed 109632K, reserved 1146880K
  class space    used 14759K, committed 15104K, reserved 1048576K
}
Event: 32.611 GC heap after
{Heap after GC invocations=53 (full 0):
 garbage-first heap   total 465920K, used 182070K [0x0000000080000000, 0x0000000100000000)
  region size 1024K, 5 young (5120K), 5 survivors (5120K)
 Metaspace       used 108962K, committed 109632K, reserved 1146880K
  class space    used 14759K, committed 15104K, reserved 1048576K
}
Event: 33.100 GC heap before
{Heap before GC invocations=53 (full 0):
 garbage-first heap   total 465920K, used 384822K [0x0000000080000000, 0x0000000100000000)
  region size 1024K, 203 young (207872K), 5 survivors (5120K)
 Metaspace       used 109013K, committed 109696K, reserved 1146880K
  class space    used 14763K, committed 15104K, reserved 1048576K
}
Event: 33.115 GC heap after
{Heap after GC invocations=54 (full 0):
 garbage-first heap   total 465920K, used 183156K [0x0000000080000000, 0x0000000100000000)
  region size 1024K, 6 young (6144K), 6 survivors (6144K)
 Metaspace       used 109013K, committed 109696K, reserved 1146880K
  class space    used 14763K, committed 15104K, reserved 1048576K
}
Event: 33.547 GC heap before
{Heap before GC invocations=54 (full 0):
 garbage-first heap   total 465920K, used 390004K [0x0000000080000000, 0x0000000100000000)
  region size 1024K, 208 young (212992K), 6 survivors (6144K)
 Metaspace       used 109058K, committed 109760K, reserved 1146880K
  class space    used 14772K, committed 15104K, reserved 1048576K
}
Event: 33.566 GC heap after
{Heap after GC invocations=55 (full 0):
 garbage-first heap   total 465920K, used 183525K [0x0000000080000000, 0x0000000100000000)
  region size 1024K, 6 young (6144K), 6 survivors (6144K)
 Metaspace       used 109058K, committed 109760K, reserved 1146880K
  class space    used 14772K, committed 15104K, reserved 1048576K
}
Event: 34.049 GC heap before
{Heap before GC invocations=55 (full 0):
 garbage-first heap   total 465920K, used 394469K [0x0000000080000000, 0x0000000100000000)
  region size 1024K, 212 young (217088K), 6 survivors (6144K)
 Metaspace       used 109113K, committed 109760K, reserved 1146880K
  class space    used 14778K, committed 15104K, reserved 1048576K
}

