# JRE version: OpenJDK Runtime Environment (17.0.6) (build 17.0.6+0-b2043.56-9586694)
# Java VM: OpenJDK 64-Bit Server VM (17.0.6+0-b2043.56-9586694, mixed mode, tiered, compressed oops, compressed class ptrs, g1 gc, windows-amd64)
GC Precious Log:
 CPUs: 4 total, 4 available
 Memory: 8065M
 Large Page Support: Disabled
 NUMA Support: Disabled
 Compressed Oops: Enabled (32-bit)
 Heap Region Size: 1M
 Heap Min Capacity: 8M
 Heap Initial Capacity: 128M
 Heap Max Capacity: 2G
 Pre-touch: Disabled
 Parallel Workers: 4
 Concurrent Workers: 1
 Concurrent Refinement Workers: 4
 Periodic GC: Disabled
Heap:
 garbage-first heap   total 488448K, used 226348K [0x0000000080000000, 0x0000000100000000)
  region size 1024K, 4 young (4096K), 4 survivors (4096K)
 Metaspace       used 136567K, committed 137664K, reserved 1171456K
  class space    used 17692K, committed 18240K, reserved 1048576K
GC Heap History (20 events):
Event: 1181.657 GC heap after
{Heap after GC invocations=66 (full 0):
 garbage-first heap   total 334848K, used 204518K [0x0000000080000000, 0x0000000100000000)
  region size 1024K, 9 young (9216K), 9 survivors (9216K)
 Metaspace       used 122327K, committed 123392K, reserved 1163264K
  class space    used 16176K, committed 16704K, reserved 1048576K
}
Event: 1185.339 GC heap before
{Heap before GC invocations=66 (full 0):
 garbage-first heap   total 334848K, used 278246K [0x0000000080000000, 0x0000000100000000)
  region size 1024K, 82 young (83968K), 9 survivors (9216K)
 Metaspace       used 126243K, committed 127360K, reserved 1163264K
  class space    used 16675K, committed 17216K, reserved 1048576K
}
Event: 1185.439 GC heap after
{Heap after GC invocations=67 (full 0):
 garbage-first heap   total 334848K, used 212563K [0x0000000080000000, 0x0000000100000000)
  region size 1024K, 8 young (8192K), 8 survivors (8192K)
 Metaspace       used 126243K, committed 127360K, reserved 1163264K
  class space    used 16675K, committed 17216K, reserved 1048576K
}
Event: 1188.971 GC heap before
{Heap before GC invocations=68 (full 0):
 garbage-first heap   total 386048K, used 288339K [0x0000000080000000, 0x0000000100000000)
  region size 1024K, 71 young (72704K), 8 survivors (8192K)
 Metaspace       used 127577K, committed 128640K, reserved 1163264K
  class space    used 16794K, committed 17344K, reserved 1048576K
}
Event: 1189.172 GC heap after
{Heap after GC invocations=69 (full 0):
 garbage-first heap   total 386048K, used 238592K [0x0000000080000000, 0x0000000100000000)
  region size 1024K, 9 young (9216K), 9 survivors (9216K)
 Metaspace       used 127577K, committed 128640K, reserved 1163264K
  class space    used 16794K, committed 17344K, reserved 1048576K
}
Event: 1189.710 GC heap before
{Heap before GC invocations=69 (full 0):
 garbage-first heap   total 386048K, used 251904K [0x0000000080000000, 0x0000000100000000)
  region size 1024K, 18 young (18432K), 9 survivors (9216K)
 Metaspace       used 127644K, committed 128704K, reserved 1163264K
  class space    used 16796K, committed 17344K, reserved 1048576K
}
Event: 1189.763 GC heap after
{Heap after GC invocations=70 (full 0):
 garbage-first heap   total 386048K, used 236968K [0x0000000080000000, 0x0000000100000000)
  region size 1024K, 3 young (3072K), 3 survivors (3072K)
 Metaspace       used 127644K, committed 128704K, reserved 1163264K
  class space    used 16796K, committed 17344K, reserved 1048576K
}
Event: 1192.008 GC heap before
{Heap before GC invocations=70 (full 0):
 garbage-first heap   total 386048K, used 269736K [0x0000000080000000, 0x0000000100000000)
  region size 1024K, 36 young (36864K), 3 survivors (3072K)
 Metaspace       used 129908K, committed 131008K, reserved 1163264K
  class space    used 17110K, committed 17600K, reserved 1048576K
}
Event: 1192.027 GC heap after
{Heap after GC invocations=71 (full 0):
 garbage-first heap   total 386048K, used 243512K [0x0000000080000000, 0x0000000100000000)
  region size 1024K, 9 young (9216K), 9 survivors (9216K)
 Metaspace       used 129908K, committed 131008K, reserved 1163264K
  class space    used 17110K, committed 17600K, reserved 1048576K
}
Event: 1194.251 GC heap before
{Heap before GC invocations=72 (full 0):
 garbage-first heap   total 488448K, used 317240K [0x0000000080000000, 0x0000000100000000)
  region size 1024K, 66 young (67584K), 9 survivors (9216K)
 Metaspace       used 133164K, committed 134272K, reserved 1171456K
  class space    used 17384K, committed 17920K, reserved 1048576K
}
Event: 1194.277 GC heap after
{Heap after GC invocations=73 (full 0):
 garbage-first heap   total 488448K, used 246113K [0x0000000080000000, 0x0000000100000000)
  region size 1024K, 9 young (9216K), 9 survivors (9216K)
 Metaspace       used 133164K, committed 134272K, reserved 1171456K
  class space    used 17384K, committed 17920K, reserved 1048576K
}
Event: 1194.464 GC heap before
{Heap before GC invocations=73 (full 0):
 garbage-first heap   total 488448K, used 260449K [0x0000000080000000, 0x0000000100000000)
  region size 1024K, 23 young (23552K), 9 survivors (9216K)
 Metaspace       used 133320K, committed 134400K, reserved 1171456K
  class space    used 17387K, committed 17920K, reserved 1048576K
}
Event: 1194.480 GC heap after
{Heap after GC invocations=74 (full 0):
 garbage-first heap   total 488448K, used 243430K [0x0000000080000000, 0x0000000100000000)
  region size 1024K, 3 young (3072K), 3 survivors (3072K)
 Metaspace       used 133320K, committed 134400K, reserved 1171456K
  class space    used 17387K, committed 17920K, reserved 1048576K
}
Event: 1195.133 GC heap before
{Heap before GC invocations=74 (full 0):
 garbage-first heap   total 488448K, used 286438K [0x0000000080000000, 0x0000000100000000)
  region size 1024K, 46 young (47104K), 3 survivors (3072K)
 Metaspace       used 133809K, committed 134848K, reserved 1171456K
  class space    used 17425K, committed 17920K, reserved 1048576K
}
Event: 1195.141 GC heap after
{Heap after GC invocations=75 (full 0):
 garbage-first heap   total 488448K, used 243352K [0x0000000080000000, 0x0000000100000000)
  region size 1024K, 3 young (3072K), 3 survivors (3072K)
 Metaspace       used 133809K, committed 134848K, reserved 1171456K
  class space    used 17425K, committed 17920K, reserved 1048576K
}
Event: 1204.942 GC heap before
{Heap before GC invocations=76 (full 0):
 garbage-first heap   total 488448K, used 378520K [0x0000000080000000, 0x0000000100000000)
  region size 1024K, 149 young (152576K), 3 survivors (3072K)
 Metaspace       used 135784K, committed 136896K, reserved 1171456K
  class space    used 17591K, committed 18176K, reserved 1048576K
}
Event: 1204.954 GC heap after
{Heap after GC invocations=77 (full 0):
 garbage-first heap   total 488448K, used 229376K [0x0000000080000000, 0x0000000100000000)
  region size 1024K, 4 young (4096K), 4 survivors (4096K)
 Metaspace       used 135784K, committed 136896K, reserved 1171456K
  class space    used 17591K, committed 18176K, reserved 1048576K
}
Event: 1205.101 GC heap before
{Heap before GC invocations=77 (full 0):
 garbage-first heap   total 488448K, used 247808K [0x0000000080000000, 0x0000000100000000)
  region size 1024K, 23 young (23552K), 4 survivors (4096K)
 Metaspace       used 135788K, committed 136896K, reserved 1171456K
  class space    used 17591K, committed 18176K, reserved 1048576K
}
Event: 1205.127 GC heap after
{Heap after GC invocations=78 (full 0):
 garbage-first heap   total 488448K, used 223822K [0x0000000080000000, 0x0000000100000000)
  region size 1024K, 1 young (1024K), 1 survivors (1024K)
 Metaspace       used 135788K, committed 136896K, reserved 1171456K
  class space    used 17591K, committed 18176K, reserved 1048576K
}
Event: 1206.286 GC heap before
{Heap before GC invocations=78 (full 0):
 garbage-first heap   total 488448K, used 257614K [0x0000000080000000, 0x0000000100000000)
  region size 1024K, 35 young (35840K), 1 survivors (1024K)
 Metaspace       used 136567K, committed 137664K, reserved 1171456K
  class space    used 17692K, committed 18240K, reserved 1048576K
}

